<?xml version="1.0" encoding="UTF-8"?>
<!-- Generated by org.testng.reporters.JUnitReportReporter -->
<testsuite hostname="PavanKalyan" failures="0" tests="3" name="com.vTiger.crm.orgTest.CreateOrgTest" time="30.886" errors="0" timestamp="2024-06-17T14:30:27 IST" skipped="0">
  <testcase classname="com.vTiger.crm.orgTest.CreateOrgTest" name="createOrgwithPhoneNumber" time="9.322"/>
  <testcase classname="com.vTiger.crm.orgTest.CreateOrgTest" name="createOrgTest" time="11.933"/>
  <testcase classname="com.vTiger.crm.orgTest.CreateOrgTest" name="createOrgWithIndustries" time="9.631"/>
</testsuite> <!-- com.vTiger.crm.orgTest.CreateOrgTest -->
