<?xml version="1.0" encoding="UTF-8"?>
<!-- Generated by org.testng.reporters.JUnitReportReporter -->
<testsuite hostname="PavanKalyan" failures="0" tests="3" name="com.vTiger.crm.contactTest.CreateContactTest" time="57.004" errors="0" timestamp="2024-06-14T10:17:04 IST" skipped="0">
  <testcase classname="com.vTiger.crm.contactTest.CreateContactTest" name="createContactTest" time="15.703"/>
  <testcase classname="com.vTiger.crm.contactTest.CreateContactTest" name="createContactWithOrg" time="25.185"/>
  <testcase classname="com.vTiger.crm.contactTest.CreateContactTest" name="createContactWithSupportDate" time="16.116"/>
</testsuite> <!-- com.vTiger.crm.contactTest.CreateContactTest -->
